<?xml version="1.0" encoding="UTF-8"?>
<!-- Generated by org.testng.reporters.JUnitReportReporter -->
<testsuite hostname="stephen-jack" failures="0" tests="1" name="Scraping.scrape_learning" time="4.199" errors="0" timestamp="2023-02-15T02:34:56 IST" skipped="0">
  <testcase classname="Scraping.scrape_learning" name="webscrapetest" time="4.199"/>
  <system-out/>
</testsuite> <!-- Scraping.scrape_learning -->
