<?xml version="1.0" encoding="UTF-8"?>
<!-- Generated by org.testng.reporters.JUnitReportReporter -->
<testsuite hostname="stephen-jack" failures="0" tests="1" name="Scraping.scrape_learning" time="7.381" errors="0" timestamp="2023-01-26T03:34:26 IST" skipped="0">
  <testcase classname="Scraping.scrape_learning" name="webscrapetest" time="7.381"/>
  <system-out/>
</testsuite> <!-- Scraping.scrape_learning -->
